{"C:\\Users\\User\\Documents\\ORANGE\\PROJECT\\NODEJS\\event_booking\\index.js": {"path":"C:\\Users\\User\\Documents\\ORANGE\\PROJECT\\NODEJS\\event_booking\\index.js","statementMap":{"0":{"start":{"line":1,"column":16},"end":{"line":1,"column":34}},"1":{"start":{"line":2,"column":30},"end":{"line":2,"column":62}},"2":{"start":{"line":3,"column":20},"end":{"line":3,"column":56}},"3":{"start":{"line":4,"column":19},"end":{"line":4,"column":52}},"4":{"start":{"line":5,"column":13},"end":{"line":5,"column":28}},"5":{"start":{"line":6,"column":0},"end":{"line":6,"column":27}},"6":{"start":{"line":9,"column":12},"end":{"line":9,"column":21}},"7":{"start":{"line":13,"column":0},"end":{"line":13,"column":24}},"8":{"start":{"line":14,"column":0},"end":{"line":14,"column":15}},"9":{"start":{"line":15,"column":0},"end":{"line":15,"column":45}},"10":{"start":{"line":20,"column":20},"end":{"line":23,"column":4}},"11":{"start":{"line":25,"column":2},"end":{"line":32,"column":5}},"12":{"start":{"line":26,"column":4},"end":{"line":31,"column":5}},"13":{"start":{"line":27,"column":6},"end":{"line":27,"column":40}},"14":{"start":{"line":28,"column":6},"end":{"line":28,"column":13}},"15":{"start":{"line":30,"column":6},"end":{"line":30,"column":58}},"16":{"start":{"line":36,"column":0},"end":{"line":36,"column":26}},"17":{"start":{"line":37,"column":0},"end":{"line":37,"column":25}},"18":{"start":{"line":39,"column":13},"end":{"line":39,"column":37}},"19":{"start":{"line":41,"column":15},"end":{"line":41,"column":141}},"20":{"start":{"line":41,"column":58},"end":{"line":41,"column":140}},"21":{"start":{"line":43,"column":0},"end":{"line":50,"column":68}},"22":{"start":{"line":50,"column":85},"end":{"line":50,"column":39926}},"23":{"start":{"line":50,"column":89},"end":{"line":50,"column":39915}}},"fnMap":{"0":{"name":"(anonymous_0)","decl":{"start":{"line":25,"column":10},"end":{"line":25,"column":11}},"loc":{"start":{"line":25,"column":36},"end":{"line":32,"column":3}},"line":25},"1":{"name":"(anonymous_1)","decl":{"start":{"line":41,"column":32},"end":{"line":41,"column":33}},"loc":{"start":{"line":41,"column":58},"end":{"line":41,"column":140}},"line":41},"2":{"name":"oo_cm","decl":{"start":{"line":50,"column":77},"end":{"line":50,"column":82}},"loc":{"start":{"line":50,"column":84},"end":{"line":50,"column":39927}},"line":50}},"branchMap":{"0":{"loc":{"start":{"line":39,"column":13},"end":{"line":39,"column":37}},"type":"binary-expr","locations":[{"start":{"line":39,"column":13},"end":{"line":39,"column":29}},{"start":{"line":39,"column":33},"end":{"line":39,"column":37}}],"line":39},"1":{"loc":{"start":{"line":50,"column":96},"end":{"line":50,"column":39914}},"type":"binary-expr","locations":[{"start":{"line":50,"column":96},"end":{"line":50,"column":133}},{"start":{"line":50,"column":137},"end":{"line":50,"column":39914}}],"line":50}},"s":{"0":1,"1":1,"2":1,"3":1,"4":1,"5":1,"6":1,"7":1,"8":1,"9":1,"10":1,"11":1,"12":5,"13":5,"14":1,"15":4,"16":1,"17":1,"18":1,"19":1,"20":1,"21":1,"22":1,"23":1},"f":{"0":5,"1":1,"2":1},"b":{"0":[1,0],"1":[1,1]},"_coverageSchema":"1a1c01bbd47fc00a2c39e90264f33305004495a9","hash":"717c97608a3b51a0500face473d33e2f7e8b9f3b"}
,"C:\\Users\\User\\Documents\\ORANGE\\PROJECT\\NODEJS\\event_booking\\sql.js": {"path":"C:\\Users\\User\\Documents\\ORANGE\\PROJECT\\NODEJS\\event_booking\\sql.js","statementMap":{"0":{"start":{"line":1,"column":14},"end":{"line":1,"column":30}},"1":{"start":{"line":2,"column":0},"end":{"line":2,"column":26}},"2":{"start":{"line":4,"column":0},"end":{"line":10,"column":2}}},"fnMap":{},"branchMap":{},"s":{"0":1,"1":1,"2":1},"f":{},"b":{},"_coverageSchema":"1a1c01bbd47fc00a2c39e90264f33305004495a9","hash":"9b0098c7fc6e2852d5b346b267afabff2d249eaf"}
,"C:\\Users\\User\\Documents\\ORANGE\\PROJECT\\NODEJS\\event_booking\\controllers\\eventTicketController.js": {"path":"C:\\Users\\User\\Documents\\ORANGE\\PROJECT\\NODEJS\\event_booking\\controllers\\eventTicketController.js","statementMap":{"0":{"start":{"line":1,"column":16},"end":{"line":1,"column":33}},"1":{"start":{"line":3,"column":0},"end":{"line":48,"column":2}},"2":{"start":{"line":4,"column":28},"end":{"line":4,"column":36}},"3":{"start":{"line":6,"column":2},"end":{"line":47,"column":3}},"4":{"start":{"line":7,"column":4},"end":{"line":44,"column":5}},"5":{"start":{"line":8,"column":6},"end":{"line":8,"column":66}},"6":{"start":{"line":10,"column":6},"end":{"line":43,"column":9}},"7":{"start":{"line":11,"column":8},"end":{"line":42,"column":9}},"8":{"start":{"line":12,"column":10},"end":{"line":12,"column":70}},"9":{"start":{"line":14,"column":10},"end":{"line":40,"column":12}},"10":{"start":{"line":18,"column":14},"end":{"line":38,"column":15}},"11":{"start":{"line":19,"column":16},"end":{"line":19,"column":68}},"12":{"start":{"line":21,"column":16},"end":{"line":37,"column":17}},"13":{"start":{"line":22,"column":18},"end":{"line":34,"column":20}},"14":{"start":{"line":26,"column":22},"end":{"line":32,"column":23}},"15":{"start":{"line":27,"column":24},"end":{"line":29,"column":70}},"16":{"start":{"line":31,"column":24},"end":{"line":31,"column":75}},"17":{"start":{"line":36,"column":18},"end":{"line":36,"column":75}},"18":{"start":{"line":41,"column":10},"end":{"line":41,"column":24}},"19":{"start":{"line":46,"column":4},"end":{"line":46,"column":79}},"20":{"start":{"line":50,"column":0},"end":{"line":147,"column":2}},"21":{"start":{"line":51,"column":22},"end":{"line":51,"column":30}},"22":{"start":{"line":52,"column":17},"end":{"line":52,"column":25}},"23":{"start":{"line":54,"column":2},"end":{"line":146,"column":3}},"24":{"start":{"line":55,"column":4},"end":{"line":143,"column":5}},"25":{"start":{"line":56,"column":6},"end":{"line":56,"column":65}},"26":{"start":{"line":58,"column":6},"end":{"line":142,"column":9}},"27":{"start":{"line":59,"column":8},"end":{"line":141,"column":9}},"28":{"start":{"line":60,"column":10},"end":{"line":60,"column":70}},"29":{"start":{"line":62,"column":10},"end":{"line":139,"column":12}},"30":{"start":{"line":66,"column":14},"end":{"line":137,"column":15}},"31":{"start":{"line":67,"column":16},"end":{"line":69,"column":69}},"32":{"start":{"line":71,"column":16},"end":{"line":136,"column":17}},"33":{"start":{"line":72,"column":18},"end":{"line":74,"column":70}},"34":{"start":{"line":76,"column":18},"end":{"line":135,"column":20}},"35":{"start":{"line":80,"column":22},"end":{"line":133,"column":23}},"36":{"start":{"line":81,"column":24},"end":{"line":83,"column":70}},"37":{"start":{"line":85,"column":39},"end":{"line":85,"column":73}},"38":{"start":{"line":86,"column":24},"end":{"line":132,"column":25}},"39":{"start":{"line":87,"column":26},"end":{"line":103,"column":28}},"40":{"start":{"line":91,"column":30},"end":{"line":101,"column":31}},"41":{"start":{"line":92,"column":32},"end":{"line":95,"column":35}},"42":{"start":{"line":97,"column":32},"end":{"line":100,"column":35}},"43":{"start":{"line":105,"column":26},"end":{"line":131,"column":28}},"44":{"start":{"line":109,"column":30},"end":{"line":129,"column":31}},"45":{"start":{"line":110,"column":32},"end":{"line":112,"column":35}},"46":{"start":{"line":114,"column":32},"end":{"line":128,"column":34}},"47":{"start":{"line":118,"column":36},"end":{"line":126,"column":37}},"48":{"start":{"line":119,"column":38},"end":{"line":121,"column":41}},"49":{"start":{"line":123,"column":38},"end":{"line":125,"column":76}},"50":{"start":{"line":140,"column":10},"end":{"line":140,"column":24}},"51":{"start":{"line":145,"column":4},"end":{"line":145,"column":61}},"52":{"start":{"line":149,"column":0},"end":{"line":258,"column":2}},"53":{"start":{"line":150,"column":22},"end":{"line":150,"column":30}},"54":{"start":{"line":151,"column":17},"end":{"line":151,"column":25}},"55":{"start":{"line":152,"column":2},"end":{"line":257,"column":3}},"56":{"start":{"line":153,"column":4},"end":{"line":254,"column":5}},"57":{"start":{"line":154,"column":6},"end":{"line":154,"column":60}},"58":{"start":{"line":156,"column":6},"end":{"line":253,"column":9}},"59":{"start":{"line":157,"column":8},"end":{"line":252,"column":9}},"60":{"start":{"line":158,"column":10},"end":{"line":158,"column":70}},"61":{"start":{"line":160,"column":10},"end":{"line":250,"column":12}},"62":{"start":{"line":164,"column":14},"end":{"line":248,"column":15}},"63":{"start":{"line":165,"column":16},"end":{"line":165,"column":76}},"64":{"start":{"line":167,"column":16},"end":{"line":247,"column":17}},"65":{"start":{"line":168,"column":36},"end":{"line":168,"column":48}},"66":{"start":{"line":169,"column":18},"end":{"line":242,"column":20}},"67":{"start":{"line":173,"column":22},"end":{"line":240,"column":23}},"68":{"start":{"line":174,"column":24},"end":{"line":176,"column":69}},"69":{"start":{"line":178,"column":24},"end":{"line":239,"column":26}},"70":{"start":{"line":182,"column":28},"end":{"line":237,"column":29}},"71":{"start":{"line":183,"column":30},"end":{"line":185,"column":33}},"72":{"start":{"line":187,"column":30},"end":{"line":236,"column":31}},"73":{"start":{"line":188,"column":49},"end":{"line":188,"column":69}},"74":{"start":{"line":189,"column":32},"end":{"line":218,"column":34}},"75":{"start":{"line":193,"column":36},"end":{"line":216,"column":37}},"76":{"start":{"line":194,"column":38},"end":{"line":197,"column":41}},"77":{"start":{"line":199,"column":38},"end":{"line":215,"column":40}},"78":{"start":{"line":203,"column":42},"end":{"line":213,"column":43}},"79":{"start":{"line":204,"column":44},"end":{"line":207,"column":47}},"80":{"start":{"line":209,"column":44},"end":{"line":212,"column":47}},"81":{"start":{"line":220,"column":32},"end":{"line":235,"column":34}},"82":{"start":{"line":224,"column":36},"end":{"line":233,"column":37}},"83":{"start":{"line":225,"column":38},"end":{"line":227,"column":41}},"84":{"start":{"line":229,"column":38},"end":{"line":232,"column":41}},"85":{"start":{"line":244,"column":18},"end":{"line":246,"column":70}},"86":{"start":{"line":251,"column":10},"end":{"line":251,"column":24}},"87":{"start":{"line":256,"column":4},"end":{"line":256,"column":79}},"88":{"start":{"line":260,"column":0},"end":{"line":293,"column":2}},"89":{"start":{"line":262,"column":22},"end":{"line":262,"column":32}},"90":{"start":{"line":264,"column":2},"end":{"line":292,"column":3}},"91":{"start":{"line":265,"column":4},"end":{"line":267,"column":5}},"92":{"start":{"line":266,"column":6},"end":{"line":266,"column":60}},"93":{"start":{"line":269,"column":6},"end":{"line":288,"column":9}},"94":{"start":{"line":270,"column":8},"end":{"line":287,"column":9}},"95":{"start":{"line":271,"column":10},"end":{"line":271,"column":70}},"96":{"start":{"line":273,"column":10},"end":{"line":285,"column":12}},"97":{"start":{"line":277,"column":14},"end":{"line":283,"column":15}},"98":{"start":{"line":278,"column":16},"end":{"line":280,"column":70}},"99":{"start":{"line":282,"column":16},"end":{"line":282,"column":58}},"100":{"start":{"line":286,"column":10},"end":{"line":286,"column":24}},"101":{"start":{"line":291,"column":4},"end":{"line":291,"column":79}}},"fnMap":{"0":{"name":"(anonymous_0)","decl":{"start":{"line":3,"column":29},"end":{"line":3,"column":30}},"loc":{"start":{"line":3,"column":43},"end":{"line":48,"column":1}},"line":3},"1":{"name":"(anonymous_1)","decl":{"start":{"line":10,"column":24},"end":{"line":10,"column":25}},"loc":{"start":{"line":10,"column":36},"end":{"line":43,"column":7}},"line":10},"2":{"name":"(anonymous_2)","decl":{"start":{"line":17,"column":12},"end":{"line":17,"column":13}},"loc":{"start":{"line":17,"column":27},"end":{"line":39,"column":13}},"line":17},"3":{"name":"(anonymous_3)","decl":{"start":{"line":25,"column":20},"end":{"line":25,"column":21}},"loc":{"start":{"line":25,"column":39},"end":{"line":33,"column":21}},"line":25},"4":{"name":"(anonymous_4)","decl":{"start":{"line":50,"column":28},"end":{"line":50,"column":29}},"loc":{"start":{"line":50,"column":42},"end":{"line":147,"column":1}},"line":50},"5":{"name":"(anonymous_5)","decl":{"start":{"line":58,"column":24},"end":{"line":58,"column":25}},"loc":{"start":{"line":58,"column":36},"end":{"line":142,"column":7}},"line":58},"6":{"name":"(anonymous_6)","decl":{"start":{"line":65,"column":12},"end":{"line":65,"column":13}},"loc":{"start":{"line":65,"column":39},"end":{"line":138,"column":13}},"line":65},"7":{"name":"(anonymous_7)","decl":{"start":{"line":79,"column":20},"end":{"line":79,"column":21}},"loc":{"start":{"line":79,"column":43},"end":{"line":134,"column":21}},"line":79},"8":{"name":"(anonymous_8)","decl":{"start":{"line":90,"column":28},"end":{"line":90,"column":29}},"loc":{"start":{"line":90,"column":50},"end":{"line":102,"column":29}},"line":90},"9":{"name":"(anonymous_9)","decl":{"start":{"line":108,"column":28},"end":{"line":108,"column":29}},"loc":{"start":{"line":108,"column":52},"end":{"line":130,"column":29}},"line":108},"10":{"name":"(anonymous_10)","decl":{"start":{"line":117,"column":34},"end":{"line":117,"column":35}},"loc":{"start":{"line":117,"column":55},"end":{"line":127,"column":35}},"line":117},"11":{"name":"(anonymous_11)","decl":{"start":{"line":149,"column":31},"end":{"line":149,"column":32}},"loc":{"start":{"line":149,"column":45},"end":{"line":258,"column":1}},"line":149},"12":{"name":"(anonymous_12)","decl":{"start":{"line":156,"column":24},"end":{"line":156,"column":25}},"loc":{"start":{"line":156,"column":36},"end":{"line":253,"column":7}},"line":156},"13":{"name":"(anonymous_13)","decl":{"start":{"line":163,"column":12},"end":{"line":163,"column":13}},"loc":{"start":{"line":163,"column":28},"end":{"line":249,"column":13}},"line":163},"14":{"name":"(anonymous_14)","decl":{"start":{"line":172,"column":20},"end":{"line":172,"column":21}},"loc":{"start":{"line":172,"column":45},"end":{"line":241,"column":21}},"line":172},"15":{"name":"(anonymous_15)","decl":{"start":{"line":181,"column":26},"end":{"line":181,"column":27}},"loc":{"start":{"line":181,"column":52},"end":{"line":238,"column":27}},"line":181},"16":{"name":"(anonymous_16)","decl":{"start":{"line":192,"column":34},"end":{"line":192,"column":35}},"loc":{"start":{"line":192,"column":53},"end":{"line":217,"column":35}},"line":192},"17":{"name":"(anonymous_17)","decl":{"start":{"line":202,"column":40},"end":{"line":202,"column":41}},"loc":{"start":{"line":202,"column":62},"end":{"line":214,"column":41}},"line":202},"18":{"name":"(anonymous_18)","decl":{"start":{"line":223,"column":34},"end":{"line":223,"column":35}},"loc":{"start":{"line":223,"column":53},"end":{"line":234,"column":35}},"line":223},"19":{"name":"(anonymous_19)","decl":{"start":{"line":260,"column":35},"end":{"line":260,"column":36}},"loc":{"start":{"line":260,"column":49},"end":{"line":293,"column":1}},"line":260},"20":{"name":"(anonymous_20)","decl":{"start":{"line":269,"column":24},"end":{"line":269,"column":25}},"loc":{"start":{"line":269,"column":36},"end":{"line":288,"column":7}},"line":269},"21":{"name":"(anonymous_21)","decl":{"start":{"line":276,"column":12},"end":{"line":276,"column":13}},"loc":{"start":{"line":276,"column":28},"end":{"line":284,"column":13}},"line":276}},"branchMap":{"0":{"loc":{"start":{"line":7,"column":4},"end":{"line":44,"column":5}},"type":"if","locations":[{"start":{"line":7,"column":4},"end":{"line":44,"column":5}},{"start":{"line":9,"column":11},"end":{"line":44,"column":5}}],"line":7},"1":{"loc":{"start":{"line":7,"column":8},"end":{"line":7,"column":25}},"type":"binary-expr","locations":[{"start":{"line":7,"column":8},"end":{"line":7,"column":13}},{"start":{"line":7,"column":17},"end":{"line":7,"column":25}}],"line":7},"2":{"loc":{"start":{"line":11,"column":8},"end":{"line":42,"column":9}},"type":"if","locations":[{"start":{"line":11,"column":8},"end":{"line":42,"column":9}},{"start":{"line":13,"column":15},"end":{"line":42,"column":9}}],"line":11},"3":{"loc":{"start":{"line":18,"column":14},"end":{"line":38,"column":15}},"type":"if","locations":[{"start":{"line":18,"column":14},"end":{"line":38,"column":15}},{"start":{"line":20,"column":21},"end":{"line":38,"column":15}}],"line":18},"4":{"loc":{"start":{"line":21,"column":16},"end":{"line":37,"column":17}},"type":"if","locations":[{"start":{"line":21,"column":16},"end":{"line":37,"column":17}},{"start":{"line":35,"column":23},"end":{"line":37,"column":17}}],"line":21},"5":{"loc":{"start":{"line":26,"column":22},"end":{"line":32,"column":23}},"type":"if","locations":[{"start":{"line":26,"column":22},"end":{"line":32,"column":23}},{"start":{"line":30,"column":29},"end":{"line":32,"column":23}}],"line":26},"6":{"loc":{"start":{"line":46,"column":36},"end":{"line":46,"column":75}},"type":"binary-expr","locations":[{"start":{"line":46,"column":36},"end":{"line":46,"column":49}},{"start":{"line":46,"column":53},"end":{"line":46,"column":75}}],"line":46},"7":{"loc":{"start":{"line":55,"column":4},"end":{"line":143,"column":5}},"type":"if","locations":[{"start":{"line":55,"column":4},"end":{"line":143,"column":5}},{"start":{"line":57,"column":11},"end":{"line":143,"column":5}}],"line":55},"8":{"loc":{"start":{"line":59,"column":8},"end":{"line":141,"column":9}},"type":"if","locations":[{"start":{"line":59,"column":8},"end":{"line":141,"column":9}},{"start":{"line":61,"column":15},"end":{"line":141,"column":9}}],"line":59},"9":{"loc":{"start":{"line":66,"column":14},"end":{"line":137,"column":15}},"type":"if","locations":[{"start":{"line":66,"column":14},"end":{"line":137,"column":15}},{"start":{"line":70,"column":21},"end":{"line":137,"column":15}}],"line":66},"10":{"loc":{"start":{"line":71,"column":16},"end":{"line":136,"column":17}},"type":"if","locations":[{"start":{"line":71,"column":16},"end":{"line":136,"column":17}},{"start":{"line":75,"column":23},"end":{"line":136,"column":17}}],"line":71},"11":{"loc":{"start":{"line":80,"column":22},"end":{"line":133,"column":23}},"type":"if","locations":[{"start":{"line":80,"column":22},"end":{"line":133,"column":23}},{"start":{"line":84,"column":29},"end":{"line":133,"column":23}}],"line":80},"12":{"loc":{"start":{"line":86,"column":24},"end":{"line":132,"column":25}},"type":"if","locations":[{"start":{"line":86,"column":24},"end":{"line":132,"column":25}},{"start":{"line":104,"column":31},"end":{"line":132,"column":25}}],"line":86},"13":{"loc":{"start":{"line":86,"column":28},"end":{"line":86,"column":69}},"type":"binary-expr","locations":[{"start":{"line":86,"column":28},"end":{"line":86,"column":54}},{"start":{"line":86,"column":58},"end":{"line":86,"column":69}}],"line":86},"14":{"loc":{"start":{"line":91,"column":30},"end":{"line":101,"column":31}},"type":"if","locations":[{"start":{"line":91,"column":30},"end":{"line":101,"column":31}},{"start":{"line":96,"column":37},"end":{"line":101,"column":31}}],"line":91},"15":{"loc":{"start":{"line":109,"column":30},"end":{"line":129,"column":31}},"type":"if","locations":[{"start":{"line":109,"column":30},"end":{"line":129,"column":31}},{"start":{"line":113,"column":37},"end":{"line":129,"column":31}}],"line":109},"16":{"loc":{"start":{"line":118,"column":36},"end":{"line":126,"column":37}},"type":"if","locations":[{"start":{"line":118,"column":36},"end":{"line":126,"column":37}},{"start":{"line":122,"column":43},"end":{"line":126,"column":37}}],"line":118},"17":{"loc":{"start":{"line":153,"column":4},"end":{"line":254,"column":5}},"type":"if","locations":[{"start":{"line":153,"column":4},"end":{"line":254,"column":5}},{"start":{"line":155,"column":11},"end":{"line":254,"column":5}}],"line":153},"18":{"loc":{"start":{"line":157,"column":8},"end":{"line":252,"column":9}},"type":"if","locations":[{"start":{"line":157,"column":8},"end":{"line":252,"column":9}},{"start":{"line":159,"column":15},"end":{"line":252,"column":9}}],"line":157},"19":{"loc":{"start":{"line":164,"column":14},"end":{"line":248,"column":15}},"type":"if","locations":[{"start":{"line":164,"column":14},"end":{"line":248,"column":15}},{"start":{"line":166,"column":21},"end":{"line":248,"column":15}}],"line":164},"20":{"loc":{"start":{"line":167,"column":16},"end":{"line":247,"column":17}},"type":"if","locations":[{"start":{"line":167,"column":16},"end":{"line":247,"column":17}},{"start":{"line":243,"column":23},"end":{"line":247,"column":17}}],"line":167},"21":{"loc":{"start":{"line":173,"column":22},"end":{"line":240,"column":23}},"type":"if","locations":[{"start":{"line":173,"column":22},"end":{"line":240,"column":23}},{"start":{"line":177,"column":29},"end":{"line":240,"column":23}}],"line":173},"22":{"loc":{"start":{"line":182,"column":28},"end":{"line":237,"column":29}},"type":"if","locations":[{"start":{"line":182,"column":28},"end":{"line":237,"column":29}},{"start":{"line":186,"column":35},"end":{"line":237,"column":29}}],"line":182},"23":{"loc":{"start":{"line":187,"column":30},"end":{"line":236,"column":31}},"type":"if","locations":[{"start":{"line":187,"column":30},"end":{"line":236,"column":31}},{"start":{"line":219,"column":37},"end":{"line":236,"column":31}}],"line":187},"24":{"loc":{"start":{"line":193,"column":36},"end":{"line":216,"column":37}},"type":"if","locations":[{"start":{"line":193,"column":36},"end":{"line":216,"column":37}},{"start":{"line":198,"column":43},"end":{"line":216,"column":37}}],"line":193},"25":{"loc":{"start":{"line":203,"column":42},"end":{"line":213,"column":43}},"type":"if","locations":[{"start":{"line":203,"column":42},"end":{"line":213,"column":43}},{"start":{"line":208,"column":49},"end":{"line":213,"column":43}}],"line":203},"26":{"loc":{"start":{"line":224,"column":36},"end":{"line":233,"column":37}},"type":"if","locations":[{"start":{"line":224,"column":36},"end":{"line":233,"column":37}},{"start":{"line":228,"column":43},"end":{"line":233,"column":37}}],"line":224},"27":{"loc":{"start":{"line":256,"column":36},"end":{"line":256,"column":75}},"type":"binary-expr","locations":[{"start":{"line":256,"column":36},"end":{"line":256,"column":49}},{"start":{"line":256,"column":53},"end":{"line":256,"column":75}}],"line":256},"28":{"loc":{"start":{"line":265,"column":4},"end":{"line":267,"column":5}},"type":"if","locations":[{"start":{"line":265,"column":4},"end":{"line":267,"column":5}},{"start":{},"end":{}}],"line":265},"29":{"loc":{"start":{"line":270,"column":8},"end":{"line":287,"column":9}},"type":"if","locations":[{"start":{"line":270,"column":8},"end":{"line":287,"column":9}},{"start":{"line":272,"column":15},"end":{"line":287,"column":9}}],"line":270},"30":{"loc":{"start":{"line":277,"column":14},"end":{"line":283,"column":15}},"type":"if","locations":[{"start":{"line":277,"column":14},"end":{"line":283,"column":15}},{"start":{"line":281,"column":21},"end":{"line":283,"column":15}}],"line":277},"31":{"loc":{"start":{"line":291,"column":36},"end":{"line":291,"column":75}},"type":"binary-expr","locations":[{"start":{"line":291,"column":36},"end":{"line":291,"column":49}},{"start":{"line":291,"column":53},"end":{"line":291,"column":75}}],"line":291}},"s":{"0":1,"1":1,"2":0,"3":0,"4":0,"5":0,"6":0,"7":0,"8":0,"9":0,"10":0,"11":0,"12":0,"13":0,"14":0,"15":0,"16":0,"17":0,"18":0,"19":0,"20":1,"21":0,"22":0,"23":0,"24":0,"25":0,"26":0,"27":0,"28":0,"29":0,"30":0,"31":0,"32":0,"33":0,"34":0,"35":0,"36":0,"37":0,"38":0,"39":0,"40":0,"41":0,"42":0,"43":0,"44":0,"45":0,"46":0,"47":0,"48":0,"49":0,"50":0,"51":0,"52":1,"53":0,"54":0,"55":0,"56":0,"57":0,"58":0,"59":0,"60":0,"61":0,"62":0,"63":0,"64":0,"65":0,"66":0,"67":0,"68":0,"69":0,"70":0,"71":0,"72":0,"73":0,"74":0,"75":0,"76":0,"77":0,"78":0,"79":0,"80":0,"81":0,"82":0,"83":0,"84":0,"85":0,"86":0,"87":0,"88":1,"89":0,"90":0,"91":0,"92":0,"93":0,"94":0,"95":0,"96":0,"97":0,"98":0,"99":0,"100":0,"101":0},"f":{"0":0,"1":0,"2":0,"3":0,"4":0,"5":0,"6":0,"7":0,"8":0,"9":0,"10":0,"11":0,"12":0,"13":0,"14":0,"15":0,"16":0,"17":0,"18":0,"19":0,"20":0,"21":0},"b":{"0":[0,0],"1":[0,0],"2":[0,0],"3":[0,0],"4":[0,0],"5":[0,0],"6":[0,0],"7":[0,0],"8":[0,0],"9":[0,0],"10":[0,0],"11":[0,0],"12":[0,0],"13":[0,0],"14":[0,0],"15":[0,0],"16":[0,0],"17":[0,0],"18":[0,0],"19":[0,0],"20":[0,0],"21":[0,0],"22":[0,0],"23":[0,0],"24":[0,0],"25":[0,0],"26":[0,0],"27":[0,0],"28":[0,0],"29":[0,0],"30":[0,0],"31":[0,0]},"_coverageSchema":"1a1c01bbd47fc00a2c39e90264f33305004495a9","hash":"159225345c8160812d9046bd78fe720b64b9ff32"}
,"C:\\Users\\User\\Documents\\ORANGE\\PROJECT\\NODEJS\\event_booking\\controllers\\userAuthController.js": {"path":"C:\\Users\\User\\Documents\\ORANGE\\PROJECT\\NODEJS\\event_booking\\controllers\\userAuthController.js","statementMap":{"0":{"start":{"line":1,"column":12},"end":{"line":1,"column":35}},"1":{"start":{"line":2,"column":15},"end":{"line":2,"column":34}},"2":{"start":{"line":3,"column":16},"end":{"line":3,"column":33}},"3":{"start":{"line":4,"column":0},"end":{"line":4,"column":27}},"4":{"start":{"line":6,"column":0},"end":{"line":44,"column":2}},"5":{"start":{"line":7,"column":33},"end":{"line":7,"column":41}},"6":{"start":{"line":8,"column":2},"end":{"line":43,"column":3}},"7":{"start":{"line":9,"column":4},"end":{"line":40,"column":5}},"8":{"start":{"line":10,"column":6},"end":{"line":10,"column":60}},"9":{"start":{"line":11,"column":10},"end":{"line":40,"column":5}},"10":{"start":{"line":12,"column":6},"end":{"line":12,"column":54}},"11":{"start":{"line":14,"column":6},"end":{"line":38,"column":8}},"12":{"start":{"line":15,"column":8},"end":{"line":37,"column":9}},"13":{"start":{"line":16,"column":10},"end":{"line":16,"column":67}},"14":{"start":{"line":18,"column":10},"end":{"line":35,"column":12}},"15":{"start":{"line":19,"column":12},"end":{"line":34,"column":13}},"16":{"start":{"line":20,"column":14},"end":{"line":20,"column":73}},"17":{"start":{"line":22,"column":14},"end":{"line":33,"column":15}},"18":{"start":{"line":23,"column":16},"end":{"line":23,"column":73}},"19":{"start":{"line":25,"column":40},"end":{"line":25,"column":69}},"20":{"start":{"line":26,"column":16},"end":{"line":32,"column":18}},"21":{"start":{"line":27,"column":18},"end":{"line":31,"column":19}},"22":{"start":{"line":28,"column":20},"end":{"line":28,"column":74}},"23":{"start":{"line":30,"column":20},"end":{"line":30,"column":78}},"24":{"start":{"line":36,"column":10},"end":{"line":36,"column":23}},"25":{"start":{"line":42,"column":4},"end":{"line":42,"column":59}},"26":{"start":{"line":46,"column":0},"end":{"line":84,"column":2}},"27":{"start":{"line":48,"column":33},"end":{"line":48,"column":41}},"28":{"start":{"line":50,"column":2},"end":{"line":83,"column":3}},"29":{"start":{"line":52,"column":4},"end":{"line":80,"column":5}},"30":{"start":{"line":53,"column":6},"end":{"line":53,"column":64}},"31":{"start":{"line":55,"column":8},"end":{"line":79,"column":10}},"32":{"start":{"line":56,"column":10},"end":{"line":78,"column":11}},"33":{"start":{"line":57,"column":12},"end":{"line":57,"column":69}},"34":{"start":{"line":59,"column":12},"end":{"line":76,"column":14}},"35":{"start":{"line":60,"column":14},"end":{"line":75,"column":15}},"36":{"start":{"line":61,"column":16},"end":{"line":61,"column":78}},"37":{"start":{"line":63,"column":16},"end":{"line":74,"column":17}},"38":{"start":{"line":64,"column":39},"end":{"line":64,"column":55}},"39":{"start":{"line":65,"column":42},"end":{"line":65,"column":84}},"40":{"start":{"line":66,"column":18},"end":{"line":71,"column":19}},"41":{"start":{"line":67,"column":34},"end":{"line":67,"column":107}},"42":{"start":{"line":68,"column":20},"end":{"line":68,"column":40}},"43":{"start":{"line":70,"column":20},"end":{"line":70,"column":71}},"44":{"start":{"line":73,"column":18},"end":{"line":73,"column":67}},"45":{"start":{"line":77,"column":12},"end":{"line":77,"column":25}},"46":{"start":{"line":82,"column":4},"end":{"line":82,"column":79}}},"fnMap":{"0":{"name":"(anonymous_0)","decl":{"start":{"line":6,"column":29},"end":{"line":6,"column":30}},"loc":{"start":{"line":6,"column":43},"end":{"line":44,"column":1}},"line":6},"1":{"name":"(anonymous_1)","decl":{"start":{"line":14,"column":24},"end":{"line":14,"column":25}},"loc":{"start":{"line":14,"column":34},"end":{"line":38,"column":7}},"line":14},"2":{"name":"(anonymous_2)","decl":{"start":{"line":18,"column":73},"end":{"line":18,"column":74}},"loc":{"start":{"line":18,"column":93},"end":{"line":35,"column":11}},"line":18},"3":{"name":"(anonymous_3)","decl":{"start":{"line":26,"column":109},"end":{"line":26,"column":110}},"loc":{"start":{"line":26,"column":122},"end":{"line":32,"column":17}},"line":26},"4":{"name":"(anonymous_4)","decl":{"start":{"line":46,"column":23},"end":{"line":46,"column":24}},"loc":{"start":{"line":46,"column":37},"end":{"line":84,"column":1}},"line":46},"5":{"name":"(anonymous_5)","decl":{"start":{"line":55,"column":26},"end":{"line":55,"column":27}},"loc":{"start":{"line":55,"column":36},"end":{"line":79,"column":9}},"line":55},"6":{"name":"(anonymous_6)","decl":{"start":{"line":59,"column":76},"end":{"line":59,"column":77}},"loc":{"start":{"line":59,"column":88},"end":{"line":76,"column":13}},"line":59}},"branchMap":{"0":{"loc":{"start":{"line":9,"column":4},"end":{"line":40,"column":5}},"type":"if","locations":[{"start":{"line":9,"column":4},"end":{"line":40,"column":5}},{"start":{"line":11,"column":10},"end":{"line":40,"column":5}}],"line":9},"1":{"loc":{"start":{"line":9,"column":7},"end":{"line":9,"column":29}},"type":"binary-expr","locations":[{"start":{"line":9,"column":7},"end":{"line":9,"column":16}},{"start":{"line":9,"column":20},"end":{"line":9,"column":29}}],"line":9},"2":{"loc":{"start":{"line":11,"column":10},"end":{"line":40,"column":5}},"type":"if","locations":[{"start":{"line":11,"column":10},"end":{"line":40,"column":5}},{"start":{"line":13,"column":9},"end":{"line":40,"column":5}}],"line":11},"3":{"loc":{"start":{"line":15,"column":8},"end":{"line":37,"column":9}},"type":"if","locations":[{"start":{"line":15,"column":8},"end":{"line":37,"column":9}},{"start":{"line":17,"column":13},"end":{"line":37,"column":9}}],"line":15},"4":{"loc":{"start":{"line":19,"column":12},"end":{"line":34,"column":13}},"type":"if","locations":[{"start":{"line":19,"column":12},"end":{"line":34,"column":13}},{"start":{"line":21,"column":17},"end":{"line":34,"column":13}}],"line":19},"5":{"loc":{"start":{"line":22,"column":14},"end":{"line":33,"column":15}},"type":"if","locations":[{"start":{"line":22,"column":14},"end":{"line":33,"column":15}},{"start":{"line":24,"column":19},"end":{"line":33,"column":15}}],"line":22},"6":{"loc":{"start":{"line":27,"column":18},"end":{"line":31,"column":19}},"type":"if","locations":[{"start":{"line":27,"column":18},"end":{"line":31,"column":19}},{"start":{"line":29,"column":23},"end":{"line":31,"column":19}}],"line":27},"7":{"loc":{"start":{"line":52,"column":4},"end":{"line":80,"column":5}},"type":"if","locations":[{"start":{"line":52,"column":4},"end":{"line":80,"column":5}},{"start":{"line":54,"column":9},"end":{"line":80,"column":5}}],"line":52},"8":{"loc":{"start":{"line":52,"column":7},"end":{"line":52,"column":29}},"type":"binary-expr","locations":[{"start":{"line":52,"column":7},"end":{"line":52,"column":16}},{"start":{"line":52,"column":20},"end":{"line":52,"column":29}}],"line":52},"9":{"loc":{"start":{"line":56,"column":10},"end":{"line":78,"column":11}},"type":"if","locations":[{"start":{"line":56,"column":10},"end":{"line":78,"column":11}},{"start":{"line":58,"column":15},"end":{"line":78,"column":11}}],"line":56},"10":{"loc":{"start":{"line":60,"column":14},"end":{"line":75,"column":15}},"type":"if","locations":[{"start":{"line":60,"column":14},"end":{"line":75,"column":15}},{"start":{"line":62,"column":19},"end":{"line":75,"column":15}}],"line":60},"11":{"loc":{"start":{"line":63,"column":16},"end":{"line":74,"column":17}},"type":"if","locations":[{"start":{"line":63,"column":16},"end":{"line":74,"column":17}},{"start":{"line":72,"column":21},"end":{"line":74,"column":17}}],"line":63},"12":{"loc":{"start":{"line":66,"column":18},"end":{"line":71,"column":19}},"type":"if","locations":[{"start":{"line":66,"column":18},"end":{"line":71,"column":19}},{"start":{"line":69,"column":23},"end":{"line":71,"column":19}}],"line":66},"13":{"loc":{"start":{"line":82,"column":36},"end":{"line":82,"column":75}},"type":"binary-expr","locations":[{"start":{"line":82,"column":36},"end":{"line":82,"column":49}},{"start":{"line":82,"column":53},"end":{"line":82,"column":75}}],"line":82}},"s":{"0":1,"1":1,"2":1,"3":1,"4":1,"5":0,"6":0,"7":0,"8":0,"9":0,"10":0,"11":0,"12":0,"13":0,"14":0,"15":0,"16":0,"17":0,"18":0,"19":0,"20":0,"21":0,"22":0,"23":0,"24":0,"25":0,"26":1,"27":0,"28":0,"29":0,"30":0,"31":0,"32":0,"33":0,"34":0,"35":0,"36":0,"37":0,"38":0,"39":0,"40":0,"41":0,"42":0,"43":0,"44":0,"45":0,"46":0},"f":{"0":0,"1":0,"2":0,"3":0,"4":0,"5":0,"6":0},"b":{"0":[0,0],"1":[0,0],"2":[0,0],"3":[0,0],"4":[0,0],"5":[0,0],"6":[0,0],"7":[0,0],"8":[0,0],"9":[0,0],"10":[0,0],"11":[0,0],"12":[0,0],"13":[0,0]},"_coverageSchema":"1a1c01bbd47fc00a2c39e90264f33305004495a9","hash":"5ee88d8ca820c073001ac57e1f24040b84d89c84"}
,"C:\\Users\\User\\Documents\\ORANGE\\PROJECT\\NODEJS\\event_booking\\middlewares\\auth.js": {"path":"C:\\Users\\User\\Documents\\ORANGE\\PROJECT\\NODEJS\\event_booking\\middlewares\\auth.js","statementMap":{"0":{"start":{"line":1,"column":12},"end":{"line":1,"column":35}},"1":{"start":{"line":2,"column":0},"end":{"line":2,"column":27}},"2":{"start":{"line":5,"column":0},"end":{"line":24,"column":2}},"3":{"start":{"line":6,"column":18},"end":{"line":6,"column":43}},"4":{"start":{"line":7,"column":23},"end":{"line":7,"column":52}},"5":{"start":{"line":8,"column":2},"end":{"line":23,"column":3}},"6":{"start":{"line":9,"column":6},"end":{"line":20,"column":7}},"7":{"start":{"line":10,"column":8},"end":{"line":10,"column":69}},"8":{"start":{"line":13,"column":28},"end":{"line":13,"column":73}},"9":{"start":{"line":14,"column":8},"end":{"line":19,"column":9}},"10":{"start":{"line":15,"column":12},"end":{"line":15,"column":43}},"11":{"start":{"line":16,"column":12},"end":{"line":16,"column":18}},"12":{"start":{"line":18,"column":13},"end":{"line":18,"column":68}},"13":{"start":{"line":22,"column":4},"end":{"line":22,"column":72}}},"fnMap":{"0":{"name":"(anonymous_0)","decl":{"start":{"line":5,"column":30},"end":{"line":5,"column":31}},"loc":{"start":{"line":5,"column":50},"end":{"line":24,"column":1}},"line":5}},"branchMap":{"0":{"loc":{"start":{"line":7,"column":23},"end":{"line":7,"column":52}},"type":"binary-expr","locations":[{"start":{"line":7,"column":23},"end":{"line":7,"column":28}},{"start":{"line":7,"column":33},"end":{"line":7,"column":52}}],"line":7},"1":{"loc":{"start":{"line":9,"column":6},"end":{"line":20,"column":7}},"type":"if","locations":[{"start":{"line":9,"column":6},"end":{"line":20,"column":7}},{"start":{"line":11,"column":11},"end":{"line":20,"column":7}}],"line":9},"2":{"loc":{"start":{"line":14,"column":8},"end":{"line":19,"column":9}},"type":"if","locations":[{"start":{"line":14,"column":8},"end":{"line":19,"column":9}},{"start":{"line":17,"column":13},"end":{"line":19,"column":9}}],"line":14},"3":{"loc":{"start":{"line":22,"column":36},"end":{"line":22,"column":68}},"type":"binary-expr","locations":[{"start":{"line":22,"column":36},"end":{"line":22,"column":49}},{"start":{"line":22,"column":53},"end":{"line":22,"column":68}}],"line":22}},"s":{"0":1,"1":1,"2":1,"3":1,"4":1,"5":1,"6":1,"7":0,"8":1,"9":0,"10":0,"11":0,"12":0,"13":1},"f":{"0":1},"b":{"0":[1,1],"1":[0,1],"2":[0,0],"3":[1,0]},"_coverageSchema":"1a1c01bbd47fc00a2c39e90264f33305004495a9","hash":"f368ae8b6b1fac07d05dfd2220b09f1774a3bb2e"}
,"C:\\Users\\User\\Documents\\ORANGE\\PROJECT\\NODEJS\\event_booking\\routes\\eventTicketRoute.js": {"path":"C:\\Users\\User\\Documents\\ORANGE\\PROJECT\\NODEJS\\event_booking\\routes\\eventTicketRoute.js","statementMap":{"0":{"start":{"line":1,"column":16},"end":{"line":1,"column":34}},"1":{"start":{"line":2,"column":25},"end":{"line":2,"column":55}},"2":{"start":{"line":3,"column":70},"end":{"line":3,"column":117}},"3":{"start":{"line":5,"column":20},"end":{"line":5,"column":36}},"4":{"start":{"line":6,"column":0},"end":{"line":6,"column":59}},"5":{"start":{"line":7,"column":0},"end":{"line":7,"column":52}},"6":{"start":{"line":8,"column":0},"end":{"line":8,"column":57}},"7":{"start":{"line":9,"column":0},"end":{"line":9,"column":69}},"8":{"start":{"line":11,"column":0},"end":{"line":11,"column":29}}},"fnMap":{},"branchMap":{},"s":{"0":1,"1":1,"2":1,"3":1,"4":1,"5":1,"6":1,"7":1,"8":1},"f":{},"b":{},"_coverageSchema":"1a1c01bbd47fc00a2c39e90264f33305004495a9","hash":"7086048a907b1ce172877e3f293d64d78092b213"}
,"C:\\Users\\User\\Documents\\ORANGE\\PROJECT\\NODEJS\\event_booking\\routes\\userAuthRoute.js": {"path":"C:\\Users\\User\\Documents\\ORANGE\\PROJECT\\NODEJS\\event_booking\\routes\\userAuthRoute.js","statementMap":{"0":{"start":{"line":1,"column":16},"end":{"line":1,"column":34}},"1":{"start":{"line":3,"column":30},"end":{"line":3,"column":74}},"2":{"start":{"line":5,"column":19},"end":{"line":5,"column":35}},"3":{"start":{"line":6,"column":0},"end":{"line":6,"column":41}},"4":{"start":{"line":7,"column":0},"end":{"line":7,"column":33}},"5":{"start":{"line":9,"column":0},"end":{"line":9,"column":28}}},"fnMap":{},"branchMap":{},"s":{"0":1,"1":1,"2":1,"3":1,"4":1,"5":1},"f":{},"b":{},"_coverageSchema":"1a1c01bbd47fc00a2c39e90264f33305004495a9","hash":"9544175213faf0c4efa1b31baa30079e22f8b1f8"}
}
