TN:
SF:index.js
FN:41,(anonymous_0)
FN:50,oo_cm
FNF:2
FNH:2
FNDA:1,(anonymous_0)
FNDA:1,oo_cm
DA:1,1
DA:2,1
DA:3,1
DA:4,1
DA:5,1
DA:6,1
DA:9,1
DA:13,1
DA:14,1
DA:15,1
DA:36,1
DA:37,1
DA:39,1
DA:41,1
DA:43,1
DA:50,1
LF:16
LH:16
BRDA:39,0,0,1
BRDA:39,0,1,0
BRDA:50,1,0,1
BRDA:50,1,1,1
BRF:4
BRH:3
end_of_record
TN:
SF:sql.js
FNF:0
FNH:0
DA:1,1
DA:2,1
DA:4,1
LF:3
LH:3
BRF:0
BRH:0
end_of_record
TN:
SF:controllers\eventTicketController.js
FN:3,(anonymous_0)
FN:9,(anonymous_1)
FN:16,(anonymous_2)
FN:25,(anonymous_3)
FN:53,(anonymous_4)
FN:64,(anonymous_5)
FN:69,(anonymous_6)
FN:81,(anonymous_7)
FN:88,(anonymous_8)
FN:101,(anonymous_9)
FN:111,(anonymous_10)
FN:144,(anonymous_11)
FN:151,(anonymous_12)
FN:158,(anonymous_13)
FN:168,(anonymous_14)
FN:178,(anonymous_15)
FN:193,(anonymous_16)
FN:206,(anonymous_17)
FN:233,(anonymous_18)
FN:322,(anonymous_19)
FN:327,(anonymous_20)
FN:331,(anonymous_21)
FNF:22
FNH:7
FNDA:0,(anonymous_0)
FNDA:0,(anonymous_1)
FNDA:0,(anonymous_2)
FNDA:0,(anonymous_3)
FNDA:5,(anonymous_4)
FNDA:4,(anonymous_5)
FNDA:3,(anonymous_6)
FNDA:2,(anonymous_7)
FNDA:1,(anonymous_8)
FNDA:1,(anonymous_9)
FNDA:1,(anonymous_10)
FNDA:0,(anonymous_11)
FNDA:0,(anonymous_12)
FNDA:0,(anonymous_13)
FNDA:0,(anonymous_14)
FNDA:0,(anonymous_15)
FNDA:0,(anonymous_16)
FNDA:0,(anonymous_17)
FNDA:0,(anonymous_18)
FNDA:0,(anonymous_19)
FNDA:0,(anonymous_20)
FNDA:0,(anonymous_21)
DA:1,1
DA:3,1
DA:4,0
DA:5,0
DA:6,0
DA:7,0
DA:9,0
DA:10,0
DA:11,0
DA:13,0
DA:17,0
DA:18,0
DA:19,0
DA:21,0
DA:22,0
DA:26,0
DA:27,0
DA:28,0
DA:32,0
DA:33,0
DA:38,0
DA:39,0
DA:44,0
DA:49,0
DA:53,1
DA:55,5
DA:56,5
DA:59,5
DA:61,5
DA:62,1
DA:64,4
DA:65,4
DA:66,1
DA:69,3
DA:70,3
DA:71,0
DA:72,0
DA:74,3
DA:75,1
DA:76,1
DA:78,2
DA:82,2
DA:83,0
DA:84,0
DA:86,2
DA:87,2
DA:88,1
DA:89,1
DA:90,0
DA:91,0
DA:93,1
DA:94,1
DA:98,1
DA:102,1
DA:103,0
DA:104,0
DA:108,1
DA:112,1
DA:113,0
DA:114,0
DA:118,1
DA:119,1
DA:135,3
DA:140,0
DA:144,1
DA:145,0
DA:146,0
DA:147,0
DA:148,0
DA:149,0
DA:151,0
DA:152,0
DA:153,0
DA:155,0
DA:159,0
DA:160,0
DA:161,0
DA:163,0
DA:164,0
DA:165,0
DA:169,0
DA:170,0
DA:171,0
DA:175,0
DA:179,0
DA:180,0
DA:181,0
DA:188,0
DA:189,0
DA:190,0
DA:194,0
DA:195,0
DA:196,0
DA:203,0
DA:207,0
DA:208,0
DA:209,0
DA:216,0
DA:217,0
DA:230,0
DA:234,0
DA:235,0
DA:236,0
DA:242,0
DA:243,0
DA:260,0
DA:261,0
DA:268,0
DA:273,0
DA:322,1
DA:324,0
DA:326,0
DA:327,0
DA:328,0
DA:329,0
DA:331,0
DA:332,0
DA:333,0
DA:334,0
DA:336,0
DA:337,0
DA:340,0
DA:344,0
LF:123
LH:33
BRDA:6,0,0,0
BRDA:6,0,1,0
BRDA:6,1,0,0
BRDA:6,1,1,0
BRDA:10,2,0,0
BRDA:10,2,1,0
BRDA:17,3,0,0
BRDA:17,3,1,0
BRDA:21,4,0,0
BRDA:21,4,1,0
BRDA:26,5,0,0
BRDA:26,5,1,0
BRDA:49,6,0,0
BRDA:49,6,1,0
BRDA:61,7,0,1
BRDA:61,7,1,4
BRDA:65,8,0,1
BRDA:65,8,1,3
BRDA:70,9,0,0
BRDA:70,9,1,3
BRDA:74,10,0,1
BRDA:74,10,1,2
BRDA:82,11,0,0
BRDA:82,11,1,2
BRDA:87,12,0,1
BRDA:87,12,1,1
BRDA:87,13,0,2
BRDA:87,13,1,2
BRDA:89,14,0,0
BRDA:89,14,1,1
BRDA:102,15,0,0
BRDA:102,15,1,1
BRDA:112,16,0,0
BRDA:112,16,1,1
BRDA:148,17,0,0
BRDA:148,17,1,0
BRDA:152,18,0,0
BRDA:152,18,1,0
BRDA:159,19,0,0
BRDA:159,19,1,0
BRDA:163,20,0,0
BRDA:163,20,1,0
BRDA:169,21,0,0
BRDA:169,21,1,0
BRDA:179,22,0,0
BRDA:179,22,1,0
BRDA:188,23,0,0
BRDA:188,23,1,0
BRDA:194,24,0,0
BRDA:194,24,1,0
BRDA:207,25,0,0
BRDA:207,25,1,0
BRDA:234,26,0,0
BRDA:234,26,1,0
BRDA:273,27,0,0
BRDA:273,27,1,0
BRDA:328,28,0,0
BRDA:328,28,1,0
BRDA:332,29,0,0
BRDA:332,29,1,0
BRDA:344,30,0,0
BRDA:344,30,1,0
BRF:62
BRH:15
end_of_record
TN:
SF:controllers\userAuthController.js
FN:6,(anonymous_0)
FN:14,(anonymous_1)
FN:18,(anonymous_2)
FN:26,(anonymous_3)
FN:46,(anonymous_4)
FN:55,(anonymous_5)
FN:59,(anonymous_6)
FNF:7
FNH:0
FNDA:0,(anonymous_0)
FNDA:0,(anonymous_1)
FNDA:0,(anonymous_2)
FNDA:0,(anonymous_3)
FNDA:0,(anonymous_4)
FNDA:0,(anonymous_5)
FNDA:0,(anonymous_6)
DA:1,1
DA:2,1
DA:3,1
DA:4,1
DA:6,1
DA:7,0
DA:8,0
DA:9,0
DA:10,0
DA:11,0
DA:12,0
DA:14,0
DA:15,0
DA:16,0
DA:18,0
DA:19,0
DA:20,0
DA:22,0
DA:23,0
DA:25,0
DA:26,0
DA:27,0
DA:28,0
DA:30,0
DA:36,0
DA:42,0
DA:46,1
DA:48,0
DA:50,0
DA:52,0
DA:53,0
DA:55,0
DA:56,0
DA:57,0
DA:59,0
DA:60,0
DA:61,0
DA:63,0
DA:64,0
DA:65,0
DA:66,0
DA:67,0
DA:68,0
DA:70,0
DA:73,0
DA:77,0
DA:82,0
LF:47
LH:6
BRDA:9,0,0,0
BRDA:9,0,1,0
BRDA:9,1,0,0
BRDA:9,1,1,0
BRDA:11,2,0,0
BRDA:11,2,1,0
BRDA:15,3,0,0
BRDA:15,3,1,0
BRDA:19,4,0,0
BRDA:19,4,1,0
BRDA:22,5,0,0
BRDA:22,5,1,0
BRDA:27,6,0,0
BRDA:27,6,1,0
BRDA:52,7,0,0
BRDA:52,7,1,0
BRDA:52,8,0,0
BRDA:52,8,1,0
BRDA:56,9,0,0
BRDA:56,9,1,0
BRDA:60,10,0,0
BRDA:60,10,1,0
BRDA:63,11,0,0
BRDA:63,11,1,0
BRDA:66,12,0,0
BRDA:66,12,1,0
BRDA:82,13,0,0
BRDA:82,13,1,0
BRF:28
BRH:0
end_of_record
TN:
SF:middlewares\auth.js
FN:5,(anonymous_0)
FNF:1
FNH:1
FNDA:5,(anonymous_0)
DA:1,1
DA:2,1
DA:5,1
DA:6,5
DA:7,5
DA:8,5
DA:9,5
DA:10,0
DA:13,5
DA:14,5
DA:15,5
DA:16,5
DA:18,0
DA:22,0
LF:14
LH:11
BRDA:7,0,0,5
BRDA:7,0,1,5
BRDA:9,1,0,0
BRDA:9,1,1,5
BRDA:14,2,0,5
BRDA:14,2,1,0
BRDA:22,3,0,0
BRDA:22,3,1,0
BRF:8
BRH:4
end_of_record
TN:
SF:routes\eventTicketRoute.js
FNF:0
FNH:0
DA:1,1
DA:2,1
DA:3,1
DA:5,1
DA:6,1
DA:7,1
DA:8,1
DA:9,1
DA:13,1
LF:9
LH:9
BRF:0
BRH:0
end_of_record
TN:
SF:routes\userAuthRoute.js
FNF:0
FNH:0
DA:1,1
DA:3,1
DA:5,1
DA:6,1
DA:7,1
DA:9,1
LF:6
LH:6
BRF:0
BRH:0
end_of_record
